<?xml version="1.0" encoding="UTF-8"?>
<!-- Generated by org.testng.reporters.JUnitReportReporter -->
<testsuite hostname="DESKTOP-I2K1SI9" name="TestChallenge.Adidas.EndToEndTestNg" tests="1" failures="0" timestamp="22 May 2021 10:12:30 GMT" time="19.277" errors="0">
  <testcase name="endToend" time="19.277" classname="TestChallenge.Adidas.EndToEndTestNg"/>
</testsuite> <!-- TestChallenge.Adidas.EndToEndTestNg -->
